[debug] [2018-05-17T12:38:43.052Z] ----------------------------------------------------------------------
[debug] [2018-05-17T12:38:43.055Z] Command:       C:\Program Files\nodejs\node.exe C:\Users\Stephen\AppData\Roaming\npm\node_modules\firebase-tools\bin\firebase serve --only functions,hosting
[debug] [2018-05-17T12:38:43.055Z] CLI Version:   3.18.4
[debug] [2018-05-17T12:38:43.055Z] Platform:      win32
[debug] [2018-05-17T12:38:43.055Z] Node Version:  v8.7.0
[debug] [2018-05-17T12:38:43.056Z] Time:          Thu May 17 2018 14:38:43 GMT+0200 (Romance (zomertijd))
[debug] [2018-05-17T12:38:43.056Z] ----------------------------------------------------------------------
[debug] 
[debug] [2018-05-17T12:38:43.071Z] > command requires scopes: ["email","openid","https://www.googleapis.com/auth/cloudplatformprojects.readonly","https://www.googleapis.com/auth/firebase","https://www.googleapis.com/auth/cloud-platform"]
[debug] [2018-05-17T12:38:43.072Z] > authorizing via signed-in user
[debug] [2018-05-17T12:38:43.075Z] >>> HTTP REQUEST GET https://admin.firebase.com/v1/projects/casamentos-16f05  
  
 Thu May 17 2018 14:38:43 GMT+0200 (Romance (zomertijd))
[debug] [2018-05-17T12:38:43.816Z] <<< HTTP RESPONSE 200
[debug] [2018-05-17T12:38:43.816Z] >>> HTTP REQUEST GET https://admin.firebase.com/v1/database/casamentos-16f05/tokens  
  
 Thu May 17 2018 14:38:43 GMT+0200 (Romance (zomertijd))
[debug] [2018-05-17T12:38:44.392Z] <<< HTTP RESPONSE 200
[debug] [2018-05-17T12:38:44.393Z] >>> HTTP REQUEST GET https://cloudresourcemanager.googleapis.com/v1/projects/casamentos-16f05  
  
 Thu May 17 2018 14:38:44 GMT+0200 (Romance (zomertijd))
[debug] [2018-05-17T12:38:45.438Z] <<< HTTP RESPONSE 200
[info] 
[info] === Serving from 'C:\ToegepasteInformatica\TweedeJaar\S4\MobileWebApps\FirebaseApp'...
[info] 
[info] i  functions: Preparing to emulate functions.
[debug] [2018-05-17T12:38:46.390Z] Fetching environment
[debug] [2018-05-17T12:38:46.394Z] >>> HTTP REQUEST GET https://mobilesdk-pa.googleapis.com/v1/projects/658920686702:getServerAppConfig  
  
 Thu May 17 2018 14:38:46 GMT+0200 (Romance (zomertijd))
[debug] [2018-05-17T12:38:46.395Z] >>> HTTP REQUEST GET https://mobilesdk-pa.googleapis.com/v1/projects/658920686702/clients/_:getWebAppConfig  
  
 Thu May 17 2018 14:38:46 GMT+0200 (Romance (zomertijd))
[debug] [2018-05-17T12:38:46.828Z] <<< HTTP RESPONSE 200
[debug] [2018-05-17T12:38:46.829Z] Starting @google-cloud/functions-emulator
[debug] [2018-05-17T12:38:46.854Z] <<< HTTP RESPONSE 200
[info] i  hosting: Serving hosting files from: public
[info] +  hosting: Local server: http://localhost:5000

[debug] [2018-05-17T12:38:49.377Z] Parsing function triggers
[info] +  functions: app: http://localhost:5001/casamentos-16f05/us-central1/app
[info] [hosting] Rewriting / to local function app
[info] [hosting] Rewriting /fonts/Ubuntu-Regular.ttf to local function app
[info] [hosting] Rewriting /images/Instagram.ico to local function app
[info] [hosting] Rewriting /images/Twitter.ico to local function app
[info] [hosting] Rewriting /images/photoOne.jpg to local function app
[info] [hosting] Rewriting /images/photoTwo.jpg to local function app
[info] [hosting] Rewriting /javascripts/jquery-3.2.1.js to local function app
[info] [hosting] Rewriting /images/photoTree.jpg to local function app
[info] [hosting] Rewriting /images/photoFour.jpg to local function app
[info] [hosting] Rewriting /images/Facebook.ico to local function app
